This is pdfTeX, Version 3.141592653-2.6-1.40.28 (TeX Live 2025) (preloaded format=pdflatex 2026.1.19)  29 JAN 2026 18:29
entering extended mode
 restricted \write18 enabled.
 %&-line parsing enabled.
**hw1-lobstrs-eds241.tex
(./hw1-lobstrs-eds241.tex
LaTeX2e <2025-11-01>
L3 programming layer <2026-01-10>
(/Users/sofiasarak/Library/TinyTeX/texmf-dist/tex/latex/base/article.cls
Document Class: article 2025/01/22 v1.4n Standard LaTeX document class
(/Users/sofiasarak/Library/TinyTeX/texmf-dist/tex/latex/base/size10.clo
File: size10.clo 2025/01/22 v1.4n Standard LaTeX file (size option)
)
\c@part=\count275
\c@section=\count276
\c@subsection=\count277
\c@subsubsection=\count278
\c@paragraph=\count279
\c@subparagraph=\count280
\c@figure=\count281
\c@table=\count282
\abovecaptionskip=\skip49
\belowcaptionskip=\skip50
\bibindent=\dimen148
) (/Users/sofiasarak/Library/TinyTeX/texmf-dist/tex/latex/amsmath/amsmath.sty
Package: amsmath 2025/07/09 v2.17z AMS math features
\@mathmargin=\skip51
For additional information on amsmath, use the `?' option.
(/Users/sofiasarak/Library/TinyTeX/texmf-dist/tex/latex/amsmath/amstext.sty
Package: amstext 2024/11/17 v2.01 AMS text
(/Users/sofiasarak/Library/TinyTeX/texmf-dist/tex/latex/amsmath/amsgen.sty
File: amsgen.sty 1999/11/30 v2.0 generic functions
\@emptytoks=\toks17
\ex@=\dimen149
)) (/Users/sofiasarak/Library/TinyTeX/texmf-dist/tex/latex/amsmath/amsbsy.sty
Package: amsbsy 1999/11/29 v1.2d Bold Symbols
\pmbraise@=\dimen150
) (/Users/sofiasarak/Library/TinyTeX/texmf-dist/tex/latex/amsmath/amsopn.sty
Package: amsopn 2022/04/08 v2.04 operator names
)
\inf@bad=\count283
LaTeX Info: Redefining \frac on input line 233.
\uproot@=\count284
\leftroot@=\count285
LaTeX Info: Redefining \overline on input line 398.
LaTeX Info: Redefining \colon on input line 409.
\classnum@=\count286
\DOTSCASE@=\count287
LaTeX Info: Redefining \ldots on input line 495.
LaTeX Info: Redefining \dots on input line 498.
LaTeX Info: Redefining \cdots on input line 619.
\Mathstrutbox@=\box53
\strutbox@=\box54
LaTeX Info: Redefining \big on input line 721.
LaTeX Info: Redefining \Big on input line 722.
LaTeX Info: Redefining \bigg on input line 723.
LaTeX Info: Redefining \Bigg on input line 724.
\big@size=\dimen151
LaTeX Font Info:    Redeclaring font encoding OML on input line 742.
LaTeX Font Info:    Redeclaring font encoding OMS on input line 743.
\macc@depth=\count288
LaTeX Info: Redefining \bmod on input line 904.
LaTeX Info: Redefining \pmod on input line 909.
LaTeX Info: Redefining \smash on input line 939.
LaTeX Info: Redefining \relbar on input line 969.
LaTeX Info: Redefining \Relbar on input line 970.
\c@MaxMatrixCols=\count289
\dotsspace@=\muskip17
\c@parentequation=\count290
\dspbrk@lvl=\count291
\tag@help=\toks18
\row@=\count292
\column@=\count293
\maxfields@=\count294
\andhelp@=\toks19
\eqnshift@=\dimen152
\alignsep@=\dimen153
\tagshift@=\dimen154
\tagwidth@=\dimen155
\totwidth@=\dimen156
\lineht@=\dimen157
\@envbody=\toks20
\multlinegap=\skip52
\multlinetaggap=\skip53
\mathdisplay@stack=\toks21
LaTeX Info: Redefining \[ on input line 2950.
LaTeX Info: Redefining \] on input line 2951.
) (/Users/sofiasarak/Library/TinyTeX/texmf-dist/tex/latex/amsfonts/amssymb.sty
Package: amssymb 2013/01/14 v3.01 AMS font symbols
(/Users/sofiasarak/Library/TinyTeX/texmf-dist/tex/latex/amsfonts/amsfonts.sty
Package: amsfonts 2013/01/14 v3.01 Basic AMSFonts support
\symAMSa=\mathgroup4
\symAMSb=\mathgroup5
LaTeX Font Info:    Redeclaring math symbol \hbar on input line 98.
LaTeX Font Info:    Overwriting math alphabet `\mathfrak' in version `bold'
(Font)                  U/euf/m/n --> U/euf/b/n on input line 106.
)) (/Users/sofiasarak/Library/TinyTeX/texmf-dist/tex/generic/iftex/iftex.sty
Package: iftex 2024/12/12 v1.0g TeX engine tests
) (/Users/sofiasarak/Library/TinyTeX/texmf-dist/tex/latex/base/fontenc.sty
Package: fontenc 2025/07/18 v2.1d Standard LaTeX package
) (/Users/sofiasarak/Library/TinyTeX/texmf-dist/tex/latex/base/inputenc.sty
Package: inputenc 2024/02/08 v1.3d Input encoding file
\inpenc@prehook=\toks22
\inpenc@posthook=\toks23
) (/Users/sofiasarak/Library/TinyTeX/texmf-dist/tex/latex/base/textcomp.sty
Package: textcomp 2024/04/24 v2.1b Standard LaTeX package
) (/Users/sofiasarak/Library/TinyTeX/texmf-dist/tex/latex/lm/lmodern.sty
Package: lmodern 2015/05/01 v1.6.1 Latin Modern Fonts
LaTeX Font Info:    Overwriting symbol font `operators' in version `normal'
(Font)                  OT1/cmr/m/n --> OT1/lmr/m/n on input line 22.
LaTeX Font Info:    Overwriting symbol font `letters' in version `normal'
(Font)                  OML/cmm/m/it --> OML/lmm/m/it on input line 23.
LaTeX Font Info:    Overwriting symbol font `symbols' in version `normal'
(Font)                  OMS/cmsy/m/n --> OMS/lmsy/m/n on input line 24.
LaTeX Font Info:    Overwriting symbol font `largesymbols' in version `normal'
(Font)                  OMX/cmex/m/n --> OMX/lmex/m/n on input line 25.
LaTeX Font Info:    Overwriting symbol font `operators' in version `bold'
(Font)                  OT1/cmr/bx/n --> OT1/lmr/bx/n on input line 26.
LaTeX Font Info:    Overwriting symbol font `letters' in version `bold'
(Font)                  OML/cmm/b/it --> OML/lmm/b/it on input line 27.
LaTeX Font Info:    Overwriting symbol font `symbols' in version `bold'
(Font)                  OMS/cmsy/b/n --> OMS/lmsy/b/n on input line 28.
LaTeX Font Info:    Overwriting symbol font `largesymbols' in version `bold'
(Font)                  OMX/cmex/m/n --> OMX/lmex/m/n on input line 29.
LaTeX Font Info:    Overwriting math alphabet `\mathbf' in version `normal'
(Font)                  OT1/cmr/bx/n --> OT1/lmr/bx/n on input line 31.
LaTeX Font Info:    Overwriting math alphabet `\mathsf' in version `normal'
(Font)                  OT1/cmss/m/n --> OT1/lmss/m/n on input line 32.
LaTeX Font Info:    Overwriting math alphabet `\mathit' in version `normal'
(Font)                  OT1/cmr/m/it --> OT1/lmr/m/it on input line 33.
LaTeX Font Info:    Overwriting math alphabet `\mathtt' in version `normal'
(Font)                  OT1/cmtt/m/n --> OT1/lmtt/m/n on input line 34.
LaTeX Font Info:    Overwriting math alphabet `\mathbf' in version `bold'
(Font)                  OT1/cmr/bx/n --> OT1/lmr/bx/n on input line 35.
LaTeX Font Info:    Overwriting math alphabet `\mathsf' in version `bold'
(Font)                  OT1/cmss/bx/n --> OT1/lmss/bx/n on input line 36.
LaTeX Font Info:    Overwriting math alphabet `\mathit' in version `bold'
(Font)                  OT1/cmr/bx/it --> OT1/lmr/bx/it on input line 37.
LaTeX Font Info:    Overwriting math alphabet `\mathtt' in version `bold'
(Font)                  OT1/cmtt/m/n --> OT1/lmtt/m/n on input line 38.
) (/Users/sofiasarak/Library/TinyTeX/texmf-dist/tex/latex/upquote/upquote.sty
Package: upquote 2012/04/19 v1.3 upright-quote and grave-accent glyphs in verbatim
) (/Users/sofiasarak/Library/TinyTeX/texmf-dist/tex/latex/microtype/microtype.sty
Package: microtype 2025/07/09 v3.2b Micro-typographical refinements (RS)
(/Users/sofiasarak/Library/TinyTeX/texmf-dist/tex/latex/graphics/keyval.sty
Package: keyval 2022/05/29 v1.15 key=value parser (DPC)
\KV@toks@=\toks24
) (/Users/sofiasarak/Library/TinyTeX/texmf-dist/tex/latex/etoolbox/etoolbox.sty
Package: etoolbox 2025/10/02 v2.5m e-TeX tools for LaTeX (JAW)
\etb@tempcnta=\count295
)
\MT@toks=\toks25
\MT@tempbox=\box55
\MT@count=\count296
LaTeX Info: Redefining \noprotrusionifhmode on input line 1087.
LaTeX Info: Redefining \leftprotrusion on input line 1088.
\MT@prot@toks=\toks26
LaTeX Info: Redefining \rightprotrusion on input line 1107.
LaTeX Info: Redefining \textls on input line 1449.
\MT@outer@kern=\dimen158
LaTeX Info: Redefining \microtypecontext on input line 2053.
LaTeX Info: Redefining \textmicrotypecontext on input line 2070.
\MT@listname@count=\count297
(/Users/sofiasarak/Library/TinyTeX/texmf-dist/tex/latex/microtype/microtype-pdftex.def
File: microtype-pdftex.def 2025/07/09 v3.2b Definitions specific to pdftex (RS)
LaTeX Info: Redefining \lsstyle on input line 944.
LaTeX Info: Redefining \lslig on input line 944.
\MT@outer@space=\skip54
)
Package microtype Info: Loading configuration file microtype.cfg.
(/Users/sofiasarak/Library/TinyTeX/texmf-dist/tex/latex/microtype/microtype.cfg
File: microtype.cfg 2025/07/09 v3.2b microtype main configuration file (RS)
)
LaTeX Info: Redefining \microtypesetup on input line 3065.
) (/Users/sofiasarak/Library/TinyTeX/texmf-dist/tex/latex/parskip/parskip.sty
Package: parskip 2021-03-14 v2.0h non-zero parskip adjustments
(/Users/sofiasarak/Library/TinyTeX/texmf-dist/tex/latex/kvoptions/kvoptions.sty
Package: kvoptions 2022-06-15 v3.15 Key value format for package options (HO)
(/Users/sofiasarak/Library/TinyTeX/texmf-dist/tex/generic/ltxcmds/ltxcmds.sty
Package: ltxcmds 2023-12-04 v1.26 LaTeX kernel commands for general use (HO)
) (/Users/sofiasarak/Library/TinyTeX/texmf-dist/tex/latex/kvsetkeys/kvsetkeys.sty
Package: kvsetkeys 2022-10-05 v1.19 Key value parser (HO)
))) (/Users/sofiasarak/Library/TinyTeX/texmf-dist/tex/latex/xcolor/xcolor.sty
Package: xcolor 2024/09/29 v3.02 LaTeX color extensions (UK)
(/Users/sofiasarak/Library/TinyTeX/texmf-dist/tex/latex/graphics-cfg/color.cfg
File: color.cfg 2016/01/02 v1.6 sample color configuration
)
Package xcolor Info: Driver file: pdftex.def on input line 274.
(/Users/sofiasarak/Library/TinyTeX/texmf-dist/tex/latex/graphics-def/pdftex.def
File: pdftex.def 2025/09/29 v1.2d Graphics/color driver for pdftex
) (/Users/sofiasarak/Library/TinyTeX/texmf-dist/tex/latex/graphics/mathcolor.ltx)
Package xcolor Info: Model `cmy' substituted by `cmy0' on input line 1349.
Package xcolor Info: Model `hsb' substituted by `rgb' on input line 1353.
Package xcolor Info: Model `RGB' extended on input line 1365.
Package xcolor Info: Model `HTML' substituted by `rgb' on input line 1367.
Package xcolor Info: Model `Hsb' substituted by `hsb' on input line 1368.
Package xcolor Info: Model `tHsb' substituted by `hsb' on input line 1369.
Package xcolor Info: Model `HSB' substituted by `hsb' on input line 1370.
Package xcolor Info: Model `Gray' substituted by `gray' on input line 1371.
Package xcolor Info: Model `wave' substituted by `hsb' on input line 1372.
) (/Users/sofiasarak/Library/TinyTeX/texmf-dist/tex/latex/geometry/geometry.sty
Package: geometry 2020/01/02 v5.9 Page Geometry
(/Users/sofiasarak/Library/TinyTeX/texmf-dist/tex/generic/iftex/ifvtex.sty
Package: ifvtex 2019/10/25 v1.7 ifvtex legacy package. Use iftex instead.
)
\Gm@cnth=\count298
\Gm@cntv=\count299
\c@Gm@tempcnt=\count300
\Gm@bindingoffset=\dimen159
\Gm@wd@mp=\dimen160
\Gm@odd@mp=\dimen161
\Gm@even@mp=\dimen162
\Gm@layoutwidth=\dimen163
\Gm@layoutheight=\dimen164
\Gm@layouthoffset=\dimen165
\Gm@layoutvoffset=\dimen166
\Gm@dimlist=\toks27
) (/Users/sofiasarak/Library/TinyTeX/texmf-dist/tex/latex/fancyvrb/fancyvrb.sty
Package: fancyvrb 2025/07/28 4.6 verbatim text (tvz,hv)
\FV@CodeLineNo=\count301
\FV@InFile=\read2
\FV@TabBox=\box56
\c@FancyVerbLine=\count302
\FV@StepNumber=\count303
\FV@OutFile=\write3
) (/Users/sofiasarak/Library/TinyTeX/texmf-dist/tex/latex/framed/framed.sty
Package: framed 2011/10/22 v 0.96: framed or shaded text with page breaks
\OuterFrameSep=\skip55
\fb@frw=\dimen167
\fb@frh=\dimen168
\FrameRule=\dimen169
\FrameSep=\dimen170
) (/Users/sofiasarak/Library/TinyTeX/texmf-dist/tex/latex/graphics/graphicx.sty
Package: graphicx 2024/12/31 v1.2e Enhanced LaTeX Graphics (DPC,SPQR)
(/Users/sofiasarak/Library/TinyTeX/texmf-dist/tex/latex/graphics/graphics.sty
Package: graphics 2024/08/06 v1.4g Standard LaTeX Graphics (DPC,SPQR)
(/Users/sofiasarak/Library/TinyTeX/texmf-dist/tex/latex/graphics/trig.sty
Package: trig 2023/12/02 v1.11 sin cos tan (DPC)
) (/Users/sofiasarak/Library/TinyTeX/texmf-dist/tex/latex/graphics-cfg/graphics.cfg
File: graphics.cfg 2016/06/04 v1.11 sample graphics configuration
)
Package graphics Info: Driver file: pdftex.def on input line 106.
)
\Gin@req@height=\dimen171
\Gin@req@width=\dimen172
) (/Users/sofiasarak/Library/TinyTeX/texmf-dist/tex/latex/booktabs/booktabs.sty
Package: booktabs 2020/01/12 v1.61803398 Publication quality tables
\heavyrulewidth=\dimen173
\lightrulewidth=\dimen174
\cmidrulewidth=\dimen175
\belowrulesep=\dimen176
\belowbottomsep=\dimen177
\aboverulesep=\dimen178
\abovetopsep=\dimen179
\cmidrulesep=\dimen180
\cmidrulekern=\dimen181
\defaultaddspace=\dimen182
\@cmidla=\count304
\@cmidlb=\count305
\@aboverulesep=\dimen183
\@belowrulesep=\dimen184
\@thisruleclass=\count306
\@lastruleclass=\count307
\@thisrulewidth=\dimen185
) (/Users/sofiasarak/Library/TinyTeX/texmf-dist/tex/latex/caption/caption.sty
Package: caption 2023/08/05 v3.6o Customizing captions (AR)
(/Users/sofiasarak/Library/TinyTeX/texmf-dist/tex/latex/caption/caption3.sty
Package: caption3 2023/07/31 v2.4d caption3 kernel (AR)
\caption@tempdima=\dimen186
\captionmargin=\dimen187
\caption@leftmargin=\dimen188
\caption@rightmargin=\dimen189
\caption@width=\dimen190
\caption@indent=\dimen191
\caption@parindent=\dimen192
\caption@hangindent=\dimen193
Package caption Info: Standard document class detected.
)
\c@caption@flags=\count308
\c@continuedfloat=\count309
) (/Users/sofiasarak/Library/TinyTeX/texmf-dist/tex/latex/tools/longtable.sty
Package: longtable 2025-10-13 v4.24 Multi-page Table package (DPC)
\LTleft=\skip56
\LTright=\skip57
\LTpre=\skip58
\LTpost=\skip59
\LTchunksize=\count310
\LTcapwidth=\dimen194
\LT@head=\box57
\LT@firsthead=\box58
\LT@foot=\box59
\LT@lastfoot=\box60
\LT@gbox=\box61
\LT@cols=\count311
\LT@rows=\count312
\c@LT@tables=\count313
\c@LT@chunks=\count314
\LT@p@ftn=\toks28
) (/Users/sofiasarak/Library/TinyTeX/texmf-dist/tex/latex/colortbl/colortbl.sty
Package: colortbl 2024/10/29 v1.0k Color table columns (DPC)
(/Users/sofiasarak/Library/TinyTeX/texmf-dist/tex/latex/tools/array.sty
Package: array 2025/09/25 v2.6n Tabular extension package (FMi)
\col@sep=\dimen195
\ar@mcellbox=\box62
\extrarowheight=\dimen196
\NC@list=\toks29
\extratabsurround=\skip60
\backup@length=\skip61
\ar@cellbox=\box63
)
\everycr=\toks30
\minrowclearance=\skip62
\rownum=\count315
) (/Users/sofiasarak/Library/TinyTeX/texmf-dist/tex/latex/anyfontsize/anyfontsize.sty
Package: anyfontsize 2007/11/22 anyfontsize.sty by pts
) (/Users/sofiasarak/Library/TinyTeX/texmf-dist/tex/latex/multirow/multirow.sty
Package: multirow 2024/11/12 v2.9 Span multiple rows of a table
\multirow@colwidth=\skip63
\multirow@cntb=\count316
\multirow@dima=\skip64
\bigstrutjot=\dimen197
) (/Users/sofiasarak/Library/TinyTeX/texmf-dist/tex/latex/wrapfig/wrapfig.sty
\wrapoverhang=\dimen198
\WF@size=\dimen199
\c@WF@wrappedlines=\count317
\WF@box=\box64
\WF@everypar=\toks31
Package: wrapfig 2003/01/31  v 3.6
) (/Users/sofiasarak/Library/TinyTeX/texmf-dist/tex/latex/float/float.sty
Package: float 2001/11/08 v1.3d Float enhancements (AL)
\c@float@type=\count318
\float@exts=\toks32
\float@box=\box65
\@float@everytoks=\toks33
\@floatcapt=\box66
) (/Users/sofiasarak/Library/TinyTeX/texmf-dist/tex/latex/pdflscape/pdflscape.sty
Package: pdflscape 2025-06-23 v0.14 Display of landscape pages in PDF
(/Users/sofiasarak/Library/TinyTeX/texmf-dist/tex/latex/pdflscape/pdflscape-nometadata.sty
Package: pdflscape-nometadata 2025-06-23 v0.14 Display of landscape pages in PDF (HO)
(/Users/sofiasarak/Library/TinyTeX/texmf-dist/tex/latex/graphics/lscape.sty
Package: lscape 2020/05/28 v3.02 Landscape Pages (DPC)
)
Package pdflscape Info: Auto-detected driver: pdftex on input line 81.
)) (/Users/sofiasarak/Library/TinyTeX/texmf-dist/tex/latex/tabu/tabu.sty
Package: tabu 2019/01/11 v2.9 - flexible LaTeX tabulars (FC+tabu-fixed)
(/Users/sofiasarak/Library/TinyTeX/texmf-dist/tex/latex/varwidth/varwidth.sty
Package: varwidth 2009/03/30 ver 0.92;  Variable-width minipages
\@vwid@box=\box67
\sift@deathcycles=\count319
\@vwid@loff=\dimen256
\@vwid@roff=\dimen257
)
==> First Aid for varwidth.sty applied!
\c@taburow=\count320
\tabu@nbcols=\count321
\tabu@cnt=\count322
\tabu@Xcol=\count323
\tabu@alloc=\count324
\tabu@nested=\count325
\tabu@target=\dimen258
\tabu@spreadtarget=\dimen259
\tabu@naturalX=\dimen260
\tabucolX=\dimen261
\tabu@Xsum=\dimen262
\extrarowdepth=\dimen263
\abovetabulinesep=\dimen264
\belowtabulinesep=\dimen265
\tabustrutrule=\dimen266
\tabu@thebody=\toks34
\tabu@footnotes=\toks35
\tabu@box=\box68
\tabu@arstrutbox=\box69
\tabu@hleads=\box70
\tabu@vleads=\box71
\tabu@cellskip=\skip65
) (/Users/sofiasarak/Library/TinyTeX/texmf-dist/tex/latex/threeparttable/threeparttable.sty
Package: threeparttable 2003/06/13  v 3.0
\@tempboxb=\box72
) (/Users/sofiasarak/Library/TinyTeX/texmf-dist/tex/latex/threeparttablex/threeparttablex.sty
Package: threeparttablex 2013/07/23 v0.3 by daleif
(/Users/sofiasarak/Library/TinyTeX/texmf-dist/tex/latex/environ/environ.sty
Package: environ 2014/05/04 v0.3 A new way to define environments
(/Users/sofiasarak/Library/TinyTeX/texmf-dist/tex/latex/trimspaces/trimspaces.sty
Package: trimspaces 2009/09/17 v1.1 Trim spaces around a token list
))
\TPTL@width=\skip66
) (/Users/sofiasarak/Library/TinyTeX/texmf-dist/tex/generic/ulem/ulem.sty
\UL@box=\box73
\UL@hyphenbox=\box74
\UL@skip=\skip67
\UL@hook=\toks36
\UL@height=\dimen267
\UL@pe=\count326
\UL@pixel=\dimen268
\ULC@box=\box75
Package: ulem 2019/11/18
\ULdepth=\dimen269
) (/Users/sofiasarak/Library/TinyTeX/texmf-dist/tex/latex/makecell/makecell.sty
Package: makecell 2009/08/03 V0.1e Managing of Tab Column Heads and Cells
\rotheadsize=\dimen270
\c@nlinenum=\count327
\TeXr@lab=\toks37
) (/Users/sofiasarak/Library/TinyTeX/texmf-dist/tex/latex/siunitx/siunitx.sty
Package: siunitx 2025-07-09 v3.4.14 A comprehensive (SI) units package
\l__siunitx_number_uncert_offset_int=\count328
\l__siunitx_number_exponent_fixed_int=\count329
\l__siunitx_number_min_decimal_int=\count330
\l__siunitx_number_min_integer_int=\count331
\l__siunitx_number_round_precision_int=\count332
\l__siunitx_number_lower_threshold_int=\count333
\l__siunitx_number_upper_threshold_int=\count334
\l__siunitx_number_group_first_int=\count335
\l__siunitx_number_group_size_int=\count336
\l__siunitx_number_group_minimum_int=\count337
\l__siunitx_angle_tmp_dim=\dimen271
\l__siunitx_angle_marker_box=\box76
\l__siunitx_angle_unit_box=\box77
\l__siunitx_compound_count_int=\count338
\l__siunitx_table_tmp_box=\box78
\l__siunitx_table_tmp_dim=\dimen272
\l__siunitx_table_column_width_dim=\dimen273
\l__siunitx_table_integer_box=\box79
\l__siunitx_table_decimal_box=\box80
\l__siunitx_table_uncert_box=\box81
\l__siunitx_table_before_box=\box82
\l__siunitx_table_after_box=\box83
\l__siunitx_table_before_dim=\dimen274
\l__siunitx_table_carry_dim=\dimen275
\l__siunitx_unit_tmp_int=\count339
\l__siunitx_unit_position_int=\count340
\l__siunitx_unit_total_int=\count341
) (/Users/sofiasarak/Library/TinyTeX/texmf-dist/tex/latex/tools/hhline.sty
Package: hhline 2020/01/04 v2.04 Table rule package (DPC)
) (/Users/sofiasarak/Library/TinyTeX/texmf-dist/tex/latex/tools/calc.sty
Package: calc 2025/03/01 v4.3b Infix arithmetic (KKT,FJ)
\calc@Acount=\count342
\calc@Bcount=\count343
\calc@Adimen=\dimen276
\calc@Bdimen=\dimen277
\calc@Askip=\skip68
\calc@Bskip=\skip69
LaTeX Info: Redefining \setlength on input line 86.
LaTeX Info: Redefining \addtolength on input line 87.
\calc@Ccount=\count344
\calc@Cskip=\skip70
) (/Users/sofiasarak/Library/TinyTeX/texmf-dist/tex/latex/tools/tabularx.sty
Package: tabularx 2023/12/11 v2.12a `tabularx' package (DPC)
\TX@col@width=\dimen278
\TX@old@table=\dimen279
\TX@old@col=\dimen280
\TX@target=\dimen281
\TX@delta=\dimen282
\TX@cols=\count345
\TX@ftn=\toks38
) (/Users/sofiasarak/Library/TinyTeX/texmf-dist/tex/latex/adjustbox/adjustbox.sty
Package: adjustbox 2025/02/26 v1.3c Adjusting TeX boxes (trim, clip, ...)
(/Users/sofiasarak/Library/TinyTeX/texmf-dist/tex/latex/xkeyval/xkeyval.sty
Package: xkeyval 2025/11/04 v2.10 package option processing (HA)
(/Users/sofiasarak/Library/TinyTeX/texmf-dist/tex/generic/xkeyval/xkeyval.tex (/Users/sofiasarak/Library/TinyTeX/texmf-dist/tex/generic/xkeyval/xkvutils.tex
\XKV@toks=\toks39
\XKV@tempa@toks=\toks40
\XKV@tempb@toks=\toks41
)
\XKV@depth=\count346
File: xkeyval.tex 2014/12/03 v2.7a key=value parser (HA)
)) (/Users/sofiasarak/Library/TinyTeX/texmf-dist/tex/latex/adjustbox/adjcalc.sty
Package: adjcalc 2012/05/16 v1.1 Provides advanced setlength with multiple back-ends (calc, etex, pgfmath)
) (/Users/sofiasarak/Library/TinyTeX/texmf-dist/tex/latex/adjustbox/trimclip.sty
Package: trimclip 2025/02/21 v1.2a Trim and clip general TeX material
(/Users/sofiasarak/Library/TinyTeX/texmf-dist/tex/latex/collectbox/collectbox.sty
Package: collectbox 2022/10/17 v0.4c Collect macro arguments as boxes
\collectedbox=\box84
)
\tc@llx=\dimen283
\tc@lly=\dimen284
\tc@urx=\dimen285
\tc@ury=\dimen286
Package trimclip Info: Using driver 'tc-pdftex.def'.
(/Users/sofiasarak/Library/TinyTeX/texmf-dist/tex/latex/adjustbox/tc-pdftex.def
File: tc-pdftex.def 2025/02/26 v2.3 Clipping driver for pdftex
))
\adjbox@Width=\dimen287
\adjbox@Height=\dimen288
\adjbox@Depth=\dimen289
\adjbox@Totalheight=\dimen290
\adjbox@pwidth=\dimen291
\adjbox@pheight=\dimen292
\adjbox@pdepth=\dimen293
\adjbox@ptotalheight=\dimen294
) (/Users/sofiasarak/Library/TinyTeX/texmf-dist/tex/latex/hyperref/hyperref.sty
Package: hyperref 2025-07-12 v7.01o Hypertext links for LaTeX
(/Users/sofiasarak/Library/TinyTeX/texmf-dist/tex/generic/kvdefinekeys/kvdefinekeys.sty
Package: kvdefinekeys 2019-12-19 v1.6 Define keys (HO)
) (/Users/sofiasarak/Library/TinyTeX/texmf-dist/tex/generic/pdfescape/pdfescape.sty
Package: pdfescape 2019/12/09 v1.15 Implements pdfTeX's escape features (HO)
(/Users/sofiasarak/Library/TinyTeX/texmf-dist/tex/generic/pdftexcmds/pdftexcmds.sty
Package: pdftexcmds 2020-06-27 v0.33 Utility functions of pdfTeX for LuaTeX (HO)
(/Users/sofiasarak/Library/TinyTeX/texmf-dist/tex/generic/infwarerr/infwarerr.sty
Package: infwarerr 2019/12/03 v1.5 Providing info/warning/error messages (HO)
)
Package pdftexcmds Info: \pdf@primitive is available.
Package pdftexcmds Info: \pdf@ifprimitive is available.
Package pdftexcmds Info: \pdfdraftmode found.
)) (/Users/sofiasarak/Library/TinyTeX/texmf-dist/tex/latex/hycolor/hycolor.sty
Package: hycolor 2020-01-27 v1.10 Color options for hyperref/bookmark (HO)
) (/Users/sofiasarak/Library/TinyTeX/texmf-dist/tex/latex/hyperref/nameref.sty
Package: nameref 2025-06-21 v2.57 Cross-referencing by name of section
(/Users/sofiasarak/Library/TinyTeX/texmf-dist/tex/latex/refcount/refcount.sty
Package: refcount 2019/12/15 v3.6 Data extraction from label references (HO)
) (/Users/sofiasarak/Library/TinyTeX/texmf-dist/tex/generic/gettitlestring/gettitlestring.sty
Package: gettitlestring 2019/12/15 v1.6 Cleanup title references (HO)
)
\c@section@level=\count347
) (/Users/sofiasarak/Library/TinyTeX/texmf-dist/tex/generic/stringenc/stringenc.sty
Package: stringenc 2019/11/29 v1.12 Convert strings between diff. encodings (HO)
)
\@linkdim=\dimen295
\Hy@linkcounter=\count348
\Hy@pagecounter=\count349
(/Users/sofiasarak/Library/TinyTeX/texmf-dist/tex/latex/hyperref/pd1enc.def
File: pd1enc.def 2025-07-12 v7.01o Hyperref: PDFDocEncoding definition (HO)
Now handling font encoding PD1 ...
... no UTF-8 mapping file for font encoding PD1
) (/Users/sofiasarak/Library/TinyTeX/texmf-dist/tex/generic/intcalc/intcalc.sty
Package: intcalc 2019/12/15 v1.3 Expandable calculations with integers (HO)
)
\Hy@SavedSpaceFactor=\count350
(/Users/sofiasarak/Library/TinyTeX/texmf-dist/tex/latex/hyperref/puenc.def
File: puenc.def 2025-07-12 v7.01o Hyperref: PDF Unicode definition (HO)
Now handling font encoding PU ...
... no UTF-8 mapping file for font encoding PU
)
Package hyperref Info: Option `unicode' set `true' on input line 4066.
Package hyperref Info: Hyper figures OFF on input line 4195.
Package hyperref Info: Link nesting OFF on input line 4200.
Package hyperref Info: Hyper index ON on input line 4203.
Package hyperref Info: Plain pages OFF on input line 4210.
Package hyperref Info: Backreferencing OFF on input line 4215.
Package hyperref Info: Implicit mode ON; LaTeX internals redefined.
Package hyperref Info: Bookmarks ON on input line 4462.
\c@Hy@tempcnt=\count351
(/Users/sofiasarak/Library/TinyTeX/texmf-dist/tex/latex/url/url.sty
\Urlmuskip=\muskip18
Package: url 2013/09/16  ver 3.4  Verb mode for urls, etc.
)
LaTeX Info: Redefining \url on input line 4801.
\XeTeXLinkMargin=\dimen296
(/Users/sofiasarak/Library/TinyTeX/texmf-dist/tex/generic/bitset/bitset.sty
Package: bitset 2019/12/09 v1.3 Handle bit-vector datatype (HO)
(/Users/sofiasarak/Library/TinyTeX/texmf-dist/tex/generic/bigintcalc/bigintcalc.sty
Package: bigintcalc 2019/12/15 v1.5 Expandable calculations on big integers (HO)
))
\Fld@menulength=\count352
\Field@Width=\dimen297
\Fld@charsize=\dimen298
Package hyperref Info: Hyper figures OFF on input line 6078.
Package hyperref Info: Link nesting OFF on input line 6083.
Package hyperref Info: Hyper index ON on input line 6086.
Package hyperref Info: backreferencing OFF on input line 6093.
Package hyperref Info: Link coloring OFF on input line 6098.
Package hyperref Info: Link coloring with OCG OFF on input line 6103.
Package hyperref Info: PDF/A mode OFF on input line 6108.
\Hy@abspage=\count353
\c@Item=\count354
\c@Hfootnote=\count355
)
Package hyperref Info: Driver (autodetected): hpdftex.
(/Users/sofiasarak/Library/TinyTeX/texmf-dist/tex/latex/hyperref/hpdftex.def
File: hpdftex.def 2025-07-12 v7.01o Hyperref driver for pdfTeX
\Fld@listcount=\count356
\c@bookmark@seq@number=\count357
(/Users/sofiasarak/Library/TinyTeX/texmf-dist/tex/latex/rerunfilecheck/rerunfilecheck.sty
Package: rerunfilecheck 2025-06-21 v1.11 Rerun checks for auxiliary files (HO)
(/Users/sofiasarak/Library/TinyTeX/texmf-dist/tex/generic/uniquecounter/uniquecounter.sty
Package: uniquecounter 2019/12/15 v1.4 Provide unlimited unique counter (HO)
)
Package uniquecounter Info: New unique counter `rerunfilecheck' on input line 284.
)
\Hy@SectionHShift=\skip71
) (/Users/sofiasarak/Library/TinyTeX/texmf-dist/tex/latex/bookmark/bookmark.sty
Package: bookmark 2023-12-10 v1.31 PDF bookmarks (HO)
(/Users/sofiasarak/Library/TinyTeX/texmf-dist/tex/latex/bookmark/bkm-pdftex.def
File: bkm-pdftex.def 2023-12-10 v1.31 bookmark driver for pdfTeX and luaTeX (HO)
\BKM@id=\count358
))
LaTeX Font Info:    Trying to load font information for T1+lmr on input line 145.
(/Users/sofiasarak/Library/TinyTeX/texmf-dist/tex/latex/lm/t1lmr.fd
File: t1lmr.fd 2015/05/01 v1.6.1 Font defs for Latin Modern
) (/Users/sofiasarak/Library/TinyTeX/texmf-dist/tex/latex/l3backend/l3backend-pdftex.def
File: l3backend-pdftex.def 2025-10-09 L3 backend support: PDF output (pdfTeX)
\l__color_backend_stack_int=\count359
) (./hw1-lobstrs-eds241.aux)
\openout1 = `hw1-lobstrs-eds241.aux'.

LaTeX Font Info:    Checking defaults for OML/cmm/m/it on input line 145.
LaTeX Font Info:    ... okay on input line 145.
LaTeX Font Info:    Checking defaults for OMS/cmsy/m/n on input line 145.
LaTeX Font Info:    ... okay on input line 145.
LaTeX Font Info:    Checking defaults for OT1/cmr/m/n on input line 145.
LaTeX Font Info:    ... okay on input line 145.
LaTeX Font Info:    Checking defaults for T1/cmr/m/n on input line 145.
LaTeX Font Info:    ... okay on input line 145.
LaTeX Font Info:    Checking defaults for TS1/cmr/m/n on input line 145.
LaTeX Font Info:    ... okay on input line 145.
LaTeX Font Info:    Checking defaults for OMX/cmex/m/n on input line 145.
LaTeX Font Info:    ... okay on input line 145.
LaTeX Font Info:    Checking defaults for U/cmr/m/n on input line 145.
LaTeX Font Info:    ... okay on input line 145.
LaTeX Font Info:    Checking defaults for PD1/pdf/m/n on input line 145.
LaTeX Font Info:    ... okay on input line 145.
LaTeX Font Info:    Checking defaults for PU/pdf/m/n on input line 145.
LaTeX Font Info:    ... okay on input line 145.
Package microtype Info: Patching varwidth to enable character protrusion.
\MT@vwid@leftmargin=\dimen299
\MT@vwid@rightmargin=\dimen300
LaTeX Info: Redefining \microtypecontext on input line 145.
Package microtype Info: Applying patch `item' on input line 145.
Package microtype Info: Applying patch `toc' on input line 145.
Package microtype Info: Applying patch `eqnum' on input line 145.
Package microtype Info: Applying patch `footnote' on input line 145.
Package microtype Info: Applying patch `verbatim' on input line 145.
LaTeX Info: Redefining \microtypesetup on input line 145.
Package microtype Info: Generating PDF output.
Package microtype Info: Character protrusion enabled (level 2).
Package microtype Info: Using protrusion set `basicmath'.
Package microtype Info: Automatic font expansion enabled (level 2),
(microtype)             stretch: 20, shrink: 20, step: 1, non-selected.
Package microtype Info: Using default expansion set `alltext-nott'.
Package microtype Info: Patching command `\showhyphens'.
Package microtype Info: No adjustment of tracking.
Package microtype Info: No adjustment of interword spacing.
Package microtype Info: No adjustment of character kerning.
(/Users/sofiasarak/Library/TinyTeX/texmf-dist/tex/latex/microtype/mt-cmr.cfg
File: mt-cmr.cfg 2013/05/19 v2.2 microtype config. file: Computer Modern Roman (RS)
) (/Users/sofiasarak/Library/TinyTeX/texmf-dist/tex/latex/epstopdf-pkg/epstopdf-base.sty
Package: epstopdf-base 2020-01-24 v2.11 Base part for package epstopdf
Package epstopdf-base Info: Redefining graphics rule for `.eps' on input line 485.
(/Users/sofiasarak/Library/TinyTeX/texmf-dist/tex/latex/latexconfig/epstopdf-sys.cfg
File: epstopdf-sys.cfg 2010/07/13 v1.3 Configuration of (r)epstopdf for TeX Live
))
*geometry* driver: auto-detecting
*geometry* detected driver: pdftex
*geometry* verbose mode - [ preamble ] result:
* driver: pdftex
* paper: <default>
* layout: <same size as paper>
* layoutoffset:(h,v)=(0.0pt,0.0pt)
* modes: 
* h-part:(L,W,R)=(72.26999pt, 469.75502pt, 72.26999pt)
* v-part:(T,H,B)=(72.26999pt, 650.43001pt, 72.26999pt)
* \paperwidth=614.295pt
* \paperheight=794.96999pt
* \textwidth=469.75502pt
* \textheight=650.43001pt
* \oddsidemargin=0.0pt
* \evensidemargin=0.0pt
* \topmargin=-37.0pt
* \headheight=12.0pt
* \headsep=25.0pt
* \topskip=10.0pt
* \footskip=30.0pt
* \marginparwidth=65.0pt
* \marginparsep=11.0pt
* \columnsep=10.0pt
* \skip\footins=9.0pt plus 4.0pt minus 2.0pt
* \hoffset=0.0pt
* \voffset=0.0pt
* \mag=1000
* \@twocolumnfalse
* \@twosidefalse
* \@mparswitchfalse
* \@reversemarginfalse
* (1in=72.27pt=25.4mm, 1cm=28.453pt)

Package caption Info: Begin \AtBeginDocument code.
Package caption Info: float package is loaded.
Package caption Info: hyperref package is loaded.
Package caption Info: longtable package is loaded.
(/Users/sofiasarak/Library/TinyTeX/texmf-dist/tex/latex/caption/ltcaption.sty
Package: ltcaption 2021/01/08 v1.4c longtable captions (AR)
)
Package caption Info: threeparttable package is loaded.
Package caption Info: wrapfig package is loaded.
Package caption Info: End \AtBeginDocument code.
Package hyperref Info: Link coloring OFF on input line 145.
LaTeX Font Info:    Trying to load font information for OT1+lmr on input line 147.
(/Users/sofiasarak/Library/TinyTeX/texmf-dist/tex/latex/lm/ot1lmr.fd
File: ot1lmr.fd 2015/05/01 v1.6.1 Font defs for Latin Modern
)
LaTeX Font Info:    Trying to load font information for OML+lmm on input line 147.
(/Users/sofiasarak/Library/TinyTeX/texmf-dist/tex/latex/lm/omllmm.fd
File: omllmm.fd 2015/05/01 v1.6.1 Font defs for Latin Modern
)
LaTeX Font Info:    Trying to load font information for OMS+lmsy on input line 147.
(/Users/sofiasarak/Library/TinyTeX/texmf-dist/tex/latex/lm/omslmsy.fd
File: omslmsy.fd 2015/05/01 v1.6.1 Font defs for Latin Modern
)
LaTeX Font Info:    Trying to load font information for OMX+lmex on input line 147.
(/Users/sofiasarak/Library/TinyTeX/texmf-dist/tex/latex/lm/omxlmex.fd
File: omxlmex.fd 2015/05/01 v1.6.1 Font defs for Latin Modern
)
LaTeX Font Info:    External font `lmex10' loaded for size
(Font)              <12> on input line 147.
LaTeX Font Info:    External font `lmex10' loaded for size
(Font)              <8> on input line 147.
LaTeX Font Info:    External font `lmex10' loaded for size
(Font)              <6> on input line 147.
LaTeX Font Info:    Trying to load font information for U+msa on input line 147.
(/Users/sofiasarak/Library/TinyTeX/texmf-dist/tex/latex/amsfonts/umsa.fd
File: umsa.fd 2013/01/14 v3.01 AMS symbols A
) (/Users/sofiasarak/Library/TinyTeX/texmf-dist/tex/latex/microtype/mt-msa.cfg
File: mt-msa.cfg 2006/02/04 v1.1 microtype config. file: AMS symbols (a) (RS)
)
LaTeX Font Info:    Trying to load font information for U+msb on input line 147.
(/Users/sofiasarak/Library/TinyTeX/texmf-dist/tex/latex/amsfonts/umsb.fd
File: umsb.fd 2013/01/14 v3.01 AMS symbols B
) (/Users/sofiasarak/Library/TinyTeX/texmf-dist/tex/latex/microtype/mt-msb.cfg
File: mt-msb.cfg 2005/06/01 v1.0 microtype config. file: AMS symbols (b) (RS)
)
<figures/spiny2.jpg, id=4, 1204.5pt x 996.72375pt>
File: figures/spiny2.jpg Graphic file (type jpg)
<use figures/spiny2.jpg>
Package pdftex.def Info: figures/spiny2.jpg  used on input line 150.
(pdftex.def)             Requested size: 469.75311pt x 388.7207pt.
LaTeX Font Info:    Trying to load font information for TS1+lmr on input line 158.
(/Users/sofiasarak/Library/TinyTeX/texmf-dist/tex/latex/lm/ts1lmr.fd
File: ts1lmr.fd 2015/05/01 v1.6.1 Font defs for Latin Modern
) [1

{/Users/sofiasarak/Library/TinyTeX/texmf-var/fonts/map/pdftex/updmap/pdftex.map}{/Users/sofiasarak/Library/TinyTeX/texmf-dist/fonts/enc/dvips/lm/lm-ec.enc}{/Users/sofiasarak/Library/TinyTeX/texmf-dist/fonts/enc/dvips/lm/lm-ts1.enc} <./figures/spiny2.jpg>]
LaTeX Font Info:    Trying to load font information for T1+lmtt on input line 170.
(/Users/sofiasarak/Library/TinyTeX/texmf-dist/tex/latex/lm/t1lmtt.fd
File: t1lmtt.fd 2015/05/01 v1.6.1 Font defs for Latin Modern
)
LaTeX Font Info:    Font shape `T1/lmtt/bx/n' in size <10> not available
(Font)              Font shape `T1/lmtt/b/n' tried instead on input line 184.
<figures/map-5reefs.png, id=19, 676.02562pt x 242.40562pt>
File: figures/map-5reefs.png Graphic file (type png)
<use figures/map-5reefs.png>
Package pdftex.def Info: figures/map-5reefs.png  used on input line 235.
(pdftex.def)             Requested size: 469.76938pt x 168.44736pt.
[2]
LaTeX Font Info:    Trying to load font information for TS1+lmtt on input line 285.
(/Users/sofiasarak/Library/TinyTeX/texmf-dist/tex/latex/lm/ts1lmtt.fd
File: ts1lmtt.fd 2015/05/01 v1.6.1 Font defs for Latin Modern
) [3 <./figures/map-5reefs.png>]

LaTeX Font Warning: Font shape `T1/lmtt/bx/it' in size <10> not available
(Font)              Font shape `T1/lmtt/b/sl' tried instead on input line 364.

[4]
<hw1-lobstrs-eds241_files/figure-latex/unnamed-chunk-6-1.pdf, id=52, 469.755pt x 325.215pt>
File: hw1-lobstrs-eds241_files/figure-latex/unnamed-chunk-6-1.pdf Graphic file (type pdf)
<use hw1-lobstrs-eds241_files/figure-latex/unnamed-chunk-6-1.pdf>
Package pdftex.def Info: hw1-lobstrs-eds241_files/figure-latex/unnamed-chunk-6-1.pdf  used on input line 470.
(pdftex.def)             Requested size: 469.75386pt x 325.2142pt.
[5]
Overfull \vbox (0.99692pt too high) detected at line 517
 []

[6 <./hw1-lobstrs-eds241_files/figure-latex/unnamed-chunk-6-1.pdf>]
<hw1-lobstrs-eds241_files/figure-latex/unnamed-chunk-7-1.pdf, id=72, 469.755pt x 325.215pt>
File: hw1-lobstrs-eds241_files/figure-latex/unnamed-chunk-7-1.pdf Graphic file (type pdf)
<use hw1-lobstrs-eds241_files/figure-latex/unnamed-chunk-7-1.pdf>
Package pdftex.def Info: hw1-lobstrs-eds241_files/figure-latex/unnamed-chunk-7-1.pdf  used on input line 519.
(pdftex.def)             Requested size: 469.75386pt x 325.2142pt.

Underfull \vbox (badness 2111) detected at line 553
 []

[7 <./hw1-lobstrs-eds241_files/figure-latex/unnamed-chunk-7-1.pdf>]
<hw1-lobstrs-eds241_files/figure-latex/unnamed-chunk-8-1.pdf, id=87, 469.755pt x 325.215pt>
File: hw1-lobstrs-eds241_files/figure-latex/unnamed-chunk-8-1.pdf Graphic file (type pdf)
<use hw1-lobstrs-eds241_files/figure-latex/unnamed-chunk-8-1.pdf>
Package pdftex.def Info: hw1-lobstrs-eds241_files/figure-latex/unnamed-chunk-8-1.pdf  used on input line 555.
(pdftex.def)             Requested size: 469.75386pt x 325.2142pt.
[8 <./hw1-lobstrs-eds241_files/figure-latex/unnamed-chunk-8-1.pdf>]
<hw1-lobstrs-eds241_files/figure-latex/unnamed-chunk-9-1.pdf, id=102, 469.755pt x 325.215pt>
File: hw1-lobstrs-eds241_files/figure-latex/unnamed-chunk-9-1.pdf Graphic file (type pdf)
<use hw1-lobstrs-eds241_files/figure-latex/unnamed-chunk-9-1.pdf>
Package pdftex.def Info: hw1-lobstrs-eds241_files/figure-latex/unnamed-chunk-9-1.pdf  used on input line 598.
(pdftex.def)             Requested size: 469.75386pt x 325.2142pt.

Underfull \vbox (badness 1609) detected at line 648
 []

[9 <./hw1-lobstrs-eds241_files/figure-latex/unnamed-chunk-9-1.pdf>]
Underfull \hbox (badness 10000) in paragraph at lines 665--667

 []

[10]
LaTeX Font Info:    External font `lmex10' loaded for size
(Font)              <10> on input line 699.
LaTeX Font Info:    External font `lmex10' loaded for size
(Font)              <7> on input line 699.
LaTeX Font Info:    External font `lmex10' loaded for size
(Font)              <5> on input line 699.
<hw1-lobstrs-eds241_files/figure-latex/unnamed-chunk-12-1.pdf, id=124, 469.755pt x 325.215pt>
File: hw1-lobstrs-eds241_files/figure-latex/unnamed-chunk-12-1.pdf Graphic file (type pdf)
<use hw1-lobstrs-eds241_files/figure-latex/unnamed-chunk-12-1.pdf>
Package pdftex.def Info: hw1-lobstrs-eds241_files/figure-latex/unnamed-chunk-12-1.pdf  used on input line 743.
(pdftex.def)             Requested size: 469.75386pt x 325.2142pt.

Underfull \hbox (badness 10000) in paragraph at lines 743--747
[][]
 []

[11 <./hw1-lobstrs-eds241_files/figure-latex/unnamed-chunk-12-1.pdf>]
<hw1-lobstrs-eds241_files/figure-latex/unnamed-chunk-13-1.pdf, id=137, 469.755pt x 325.215pt>
File: hw1-lobstrs-eds241_files/figure-latex/unnamed-chunk-13-1.pdf Graphic file (type pdf)
<use hw1-lobstrs-eds241_files/figure-latex/unnamed-chunk-13-1.pdf>
Package pdftex.def Info: hw1-lobstrs-eds241_files/figure-latex/unnamed-chunk-13-1.pdf  used on input line 754.
(pdftex.def)             Requested size: 469.75386pt x 325.2142pt.

Underfull \hbox (badness 10000) in paragraph at lines 754--758
[][]
 []

<hw1-lobstrs-eds241_files/figure-latex/unnamed-chunk-14-1.pdf, id=138, 469.755pt x 325.215pt>
File: hw1-lobstrs-eds241_files/figure-latex/unnamed-chunk-14-1.pdf Graphic file (type pdf)
<use hw1-lobstrs-eds241_files/figure-latex/unnamed-chunk-14-1.pdf>
Package pdftex.def Info: hw1-lobstrs-eds241_files/figure-latex/unnamed-chunk-14-1.pdf  used on input line 765.
(pdftex.def)             Requested size: 469.75386pt x 325.2142pt.

Underfull \hbox (badness 10000) in paragraph at lines 765--768
[][]
 []

[12 <./hw1-lobstrs-eds241_files/figure-latex/unnamed-chunk-13-1.pdf>]
<hw1-lobstrs-eds241_files/figure-latex/unnamed-chunk-15-1.pdf, id=152, 469.755pt x 325.215pt>
File: hw1-lobstrs-eds241_files/figure-latex/unnamed-chunk-15-1.pdf Graphic file (type pdf)
<use hw1-lobstrs-eds241_files/figure-latex/unnamed-chunk-15-1.pdf>
Package pdftex.def Info: hw1-lobstrs-eds241_files/figure-latex/unnamed-chunk-15-1.pdf  used on input line 775.
(pdftex.def)             Requested size: 469.75386pt x 325.2142pt.

Underfull \hbox (badness 10000) in paragraph at lines 775--779
[][]
 []

[13 <./hw1-lobstrs-eds241_files/figure-latex/unnamed-chunk-14-1.pdf>]

LaTeX Warning: `!h' float specifier changed to `!ht'.

[14 <./hw1-lobstrs-eds241_files/figure-latex/unnamed-chunk-15-1.pdf>]
<hw1-lobstrs-eds241_files/figure-latex/unnamed-chunk-17-1.pdf, id=181, 469.755pt x 325.215pt>
File: hw1-lobstrs-eds241_files/figure-latex/unnamed-chunk-17-1.pdf Graphic file (type pdf)
<use hw1-lobstrs-eds241_files/figure-latex/unnamed-chunk-17-1.pdf>
Package pdftex.def Info: hw1-lobstrs-eds241_files/figure-latex/unnamed-chunk-17-1.pdf  used on input line 898.
(pdftex.def)             Requested size: 469.75386pt x 325.2142pt.
[15] [16 <./hw1-lobstrs-eds241_files/figure-latex/unnamed-chunk-17-1.pdf>]

LaTeX Font Warning: Font shape `TS1/lmtt/bx/it' in size <10> not available
(Font)              Font shape `TS1/lmtt/b/sl' tried instead on input line 950.

[17{/Users/sofiasarak/Library/TinyTeX/texmf-dist/fonts/enc/dvips/lm/lm-mathit.enc}{/Users/sofiasarak/Library/TinyTeX/texmf-dist/fonts/enc/dvips/lm/lm-rm.enc}]
<hw1-lobstrs-eds241_files/figure-latex/unnamed-chunk-24-1.pdf, id=214, 469.755pt x 325.215pt>
File: hw1-lobstrs-eds241_files/figure-latex/unnamed-chunk-24-1.pdf Graphic file (type pdf)
<use hw1-lobstrs-eds241_files/figure-latex/unnamed-chunk-24-1.pdf>
Package pdftex.def Info: hw1-lobstrs-eds241_files/figure-latex/unnamed-chunk-24-1.pdf  used on input line 1073.
(pdftex.def)             Requested size: 469.75386pt x 325.2142pt.
<hw1-lobstrs-eds241_files/figure-latex/unnamed-chunk-25-1.pdf, id=215, 469.755pt x 325.215pt>
File: hw1-lobstrs-eds241_files/figure-latex/unnamed-chunk-25-1.pdf Graphic file (type pdf)
<use hw1-lobstrs-eds241_files/figure-latex/unnamed-chunk-25-1.pdf>
Package pdftex.def Info: hw1-lobstrs-eds241_files/figure-latex/unnamed-chunk-25-1.pdf  used on input line 1081.
(pdftex.def)             Requested size: 469.75386pt x 325.2142pt.
[18 <./hw1-lobstrs-eds241_files/figure-latex/unnamed-chunk-24-1.pdf>] [19 <./hw1-lobstrs-eds241_files/figure-latex/unnamed-chunk-25-1.pdf>]

LaTeX Warning: `!h' float specifier changed to `!ht'.

[20]
<hw1-lobstrs-eds241_files/figure-latex/unnamed-chunk-29-1.pdf, id=249, 469.755pt x 325.215pt>
File: hw1-lobstrs-eds241_files/figure-latex/unnamed-chunk-29-1.pdf Graphic file (type pdf)
<use hw1-lobstrs-eds241_files/figure-latex/unnamed-chunk-29-1.pdf>
Package pdftex.def Info: hw1-lobstrs-eds241_files/figure-latex/unnamed-chunk-29-1.pdf  used on input line 1324.
(pdftex.def)             Requested size: 469.75386pt x 325.2142pt.
[21] [22 <./hw1-lobstrs-eds241_files/figure-latex/unnamed-chunk-29-1.pdf>]
<hw1-lobstrs-eds241_files/figure-latex/unnamed-chunk-30-1.pdf, id=266, 469.755pt x 325.215pt>
File: hw1-lobstrs-eds241_files/figure-latex/unnamed-chunk-30-1.pdf Graphic file (type pdf)
<use hw1-lobstrs-eds241_files/figure-latex/unnamed-chunk-30-1.pdf>
Package pdftex.def Info: hw1-lobstrs-eds241_files/figure-latex/unnamed-chunk-30-1.pdf  used on input line 1382.
(pdftex.def)             Requested size: 469.75386pt x 325.2142pt.
[23 <./hw1-lobstrs-eds241_files/figure-latex/unnamed-chunk-30-1.pdf>]
Overfull \hbox (63.00267pt too wide) in paragraph at lines 1511--1515
[]\T1/lmr/m/n/10 (-20) Use the re-cent lob-ster abun-dance data with ob-ser-va-tions col-lected up un-til 2024 (\T1/lmtt/m/n/10 extracredit_sblobstrs24.csv\T1/lmr/m/n/10 (-20) )
 []

<figures/spiny1.png, id=281, 209.78375pt x 242.9075pt>
File: figures/spiny1.png Graphic file (type png)
<use figures/spiny1.png>
Package pdftex.def Info: figures/spiny1.png  used on input line 1531.
(pdftex.def)             Requested size: 209.78322pt x 242.90689pt.
[24] [25 <./figures/spiny1.png>] (./hw1-lobstrs-eds241.aux)
 ***********
LaTeX2e <2025-11-01>
L3 programming layer <2026-01-10>
 ***********
 ) 
Here is how much of TeX's memory you used:
 21171 strings out of 469452
 393600 string characters out of 5466586
 814768 words of memory out of 5000000
 49266 multiletter control sequences out of 15000+600000
 709243 words of font info for 184 fonts, out of 8000000 for 9000
 36 hyphenation exceptions out of 8191
 69i,13n,79p,1015b,1133s stack positions out of 10000i,1000n,20000p,200000b,200000s
</Users/sofiasarak/Library/TinyTeX/texmf-dist/fonts/type1/public/lm/lmbx10.pfb></Users/sofiasarak/Library/TinyTeX/texmf-dist/fonts/type1/public/lm/lmbx12.pfb></Users/sofiasarak/Library/TinyTeX/texmf-dist/fonts/type1/public/lm/lmmi10.pfb></Users/sofiasarak/Library/TinyTeX/texmf-dist/fonts/type1/public/lm/lmr10.pfb></Users/sofiasarak/Library/TinyTeX/texmf-dist/fonts/type1/public/lm/lmr12.pfb></Users/sofiasarak/Library/TinyTeX/texmf-dist/fonts/type1/public/lm/lmr17.pfb></Users/sofiasarak/Library/TinyTeX/texmf-dist/fonts/type1/public/lm/lmr7.pfb></Users/sofiasarak/Library/TinyTeX/texmf-dist/fonts/type1/public/lm/lmri10.pfb></Users/sofiasarak/Library/TinyTeX/texmf-dist/fonts/type1/public/lm/lmri12.pfb></Users/sofiasarak/Library/TinyTeX/texmf-dist/fonts/type1/public/lm/lmri8.pfb></Users/sofiasarak/Library/TinyTeX/texmf-dist/fonts/type1/public/lm/lmtk10.pfb></Users/sofiasarak/Library/TinyTeX/texmf-dist/fonts/type1/public/lm/lmtko10.pfb></Users/sofiasarak/Library/TinyTeX/texmf-dist/fonts/type1/public/lm/lmtt10.pfb></Users/sofiasarak/Library/TinyTeX/texmf-dist/fonts/type1/public/lm/lmtti10.pfb>
Output written on hw1-lobstrs-eds241.pdf (25 pages, 1998737 bytes).
PDF statistics:
 401 PDF objects out of 1000 (max. 8388607)
 307 compressed objects within 4 object streams
 69 named destinations out of 1000 (max. 500000)
 43113 words of extra memory for PDF output out of 51595 (max. 10000000)

